Using pre-set license
Built from '2020.3/staging' branch; Version is '2020.3.17f1 (a4537701e4ab) revision 10769271'; Using compiler version '192528614'; Build Type 'Release'
OS: 'Windows 10 Home; OS build 19042.1165; Version 2009; 64bit' Language: 'en' Physical Memory: 16201 MB
BatchMode: 1, IsHumanControllingUs: 0, StartBugReporterOnCrash: 0, Is64bit: 1, IsPro: 0

COMMAND LINE ARGUMENTS:
C:\Program Files\Unity\Hub\Editor\2020.3.17f1\Editor\Unity.exe
-adb2
-batchMode
-noUpm
-name
AssetImportWorker0
-projectPath
C:/Users/saeid/OneDrive/Desktop/GAME3023-Lab1-NeginSaeidi
-logFile
Logs/AssetImportWorker0.log
-srvPort
60198
Successfully changed project path to: C:/Users/saeid/OneDrive/Desktop/GAME3023-Lab1-NeginSaeidi
C:/Users/saeid/OneDrive/Desktop/GAME3023-Lab1-NeginSaeidi
Using Asset Import Pipeline V2.
Refreshing native plugins compatible for Editor in 36.06 ms, found 3 plugins.
Preloading 0 native plugins for Editor in 0.00 ms.
Initialize engine version: 2020.3.17f1 (a4537701e4ab)
[Subsystems] Discovering subsystems at path C:/Program Files/Unity/Hub/Editor/2020.3.17f1/Editor/Data/Resources/UnitySubsystems
[Subsystems] Discovering subsystems at path C:/Users/saeid/OneDrive/Desktop/GAME3023-Lab1-NeginSaeidi/Assets
GfxDevice: creating device client; threaded=0
Direct3D:
    Version:  Direct3D 11.0 [level 11.1]
    Renderer: NVIDIA GeForce RTX 2060 (ID=0x1f15)
    Vendor:   
    VRAM:     5980 MB
    Driver:   27.21.14.6192
Initialize mono
Mono path[0] = 'C:/Program Files/Unity/Hub/Editor/2020.3.17f1/Editor/Data/Managed'
Mono path[1] = 'C:/Program Files/Unity/Hub/Editor/2020.3.17f1/Editor/Data/MonoBleedingEdge/lib/mono/unityjit'
Mono config path = 'C:/Program Files/Unity/Hub/Editor/2020.3.17f1/Editor/Data/MonoBleedingEdge/etc'
Using monoOptions --debugger-agent=transport=dt_socket,embedding=1,server=y,suspend=n,address=127.0.0.1:56432
Begin MonoManager ReloadAssembly
Registering precompiled unity dll's ...
Register platform support module: C:/Program Files/Unity/Hub/Editor/2020.3.17f1/Editor/Data/PlaybackEngines/WebGLSupport/UnityEditor.WebGL.Extensions.dll
Register platform support module: C:/Program Files/Unity/Hub/Editor/2020.3.17f1/Editor/Data/PlaybackEngines/WindowsStandaloneSupport/UnityEditor.WindowsStandalone.Extensions.dll
Registered in 0.002414 seconds.
Native extension for WindowsStandalone target not found
Native extension for WebGL target not found
Refreshing native plugins compatible for Editor in 41.52 ms, found 3 plugins.
Preloading 0 native plugins for Editor in 0.00 ms.
Mono: successfully reloaded assembly
- Completed reload, in  1.158 seconds
Domain Reload Profiling:
	ReloadAssembly (1158ms)
		BeginReloadAssembly (50ms)
			ExecutionOrderSort (0ms)
			DisableScriptedObjects (0ms)
			BackupInstance (0ms)
			ReleaseScriptingObjects (0ms)
			CreateAndSetChildDomain (1ms)
		EndReloadAssembly (372ms)
			LoadAssemblies (48ms)
			RebuildTransferFunctionScriptingTraits (0ms)
			SetupTypeCache (119ms)
			ReleaseScriptCaches (0ms)
			RebuildScriptCaches (32ms)
			SetupLoadedEditorAssemblies (161ms)
				LogAssemblyErrors (0ms)
				InitializePlatformSupportModulesInManaged (4ms)
				SetLoadedEditorAssemblies (0ms)
				RefreshPlugins (42ms)
				BeforeProcessingInitializeOnLoad (16ms)
				ProcessInitializeOnLoadAttributes (74ms)
				ProcessInitializeOnLoadMethodAttributes (25ms)
				AfterProcessingInitializeOnLoad (0ms)
				EditorAssembliesLoaded (0ms)
			ExecutionOrderSort2 (0ms)
			AwakeInstancesAfterBackupRestoration (0ms)
Platform modules already initialized, skipping
Registering precompiled user dll's ...
Registered in 0.004444 seconds.
Begin MonoManager ReloadAssembly
Native extension for WindowsStandalone target not found
Native extension for WebGL target not found
Refreshing native plugins compatible for Editor in 37.22 ms, found 3 plugins.
Preloading 0 native plugins for Editor in 0.00 ms.
Mono: successfully reloaded assembly
- Completed reload, in  1.070 seconds
Domain Reload Profiling:
	ReloadAssembly (1070ms)
		BeginReloadAssembly (123ms)
			ExecutionOrderSort (0ms)
			DisableScriptedObjects (4ms)
			BackupInstance (0ms)
			ReleaseScriptingObjects (0ms)
			CreateAndSetChildDomain (15ms)
		EndReloadAssembly (890ms)
			LoadAssemblies (80ms)
			RebuildTransferFunctionScriptingTraits (0ms)
			SetupTypeCache (259ms)
			ReleaseScriptCaches (0ms)
			RebuildScriptCaches (48ms)
			SetupLoadedEditorAssemblies (392ms)
				LogAssemblyErrors (0ms)
				InitializePlatformSupportModulesInManaged (4ms)
				SetLoadedEditorAssemblies (0ms)
				RefreshPlugins (37ms)
				BeforeProcessingInitializeOnLoad (80ms)
				ProcessInitializeOnLoadAttributes (251ms)
				ProcessInitializeOnLoadMethodAttributes (12ms)
				AfterProcessingInitializeOnLoad (7ms)
				EditorAssembliesLoaded (0ms)
			ExecutionOrderSort2 (0ms)
			AwakeInstancesAfterBackupRestoration (6ms)
Platform modules already initialized, skipping
========================================================================
Worker process is ready to serve import requests
Launched and connected shader compiler UnityShaderCompiler.exe after 0.04 seconds
Refreshing native plugins compatible for Editor in 0.39 ms, found 3 plugins.
Preloading 0 native plugins for Editor in 0.00 ms.
Unloading 2091 Unused Serialized files (Serialized files now loaded: 0)
System memory in use before: 93.0 MB.
System memory in use after: 93.1 MB.

Unloading 28 unused Assets to reduce memory usage. Loaded Objects now: 2528.
Total: 2.808300 ms (FindLiveObjects: 0.181900 ms CreateObjectMapping: 0.082300 ms MarkObjects: 2.436700 ms  DeleteObjects: 0.106300 ms)

AssetImportParameters requested are different than current active one (requested -> active):
  custom:framework-win-MediaFoundation: 216162199b28c13a410421893ffa2e32 -> 
  custom:video-decoder-ogg-theora: a1e56fd34408186e4bbccfd4996cb3dc -> 
  custom:container-muxer-webm: aa71ff27fc2769a1b78a27578f13a17b -> 
  custom:container-demuxer-webm: 4f35f7cbe854078d1ac9338744f61a02 -> 
  custom:container-demuxer-ogg: 62fdf1f143b41e24485cea50d1cbac27 -> 
  custom:video-encoder-webm-vp8: eb34c28f22e8b96e1ab97ce403110664 -> 
  custom:video-decoder-webm-vp8: 9c59270c3fd7afecdb556c50c9e8de78 -> 
  custom:audio-decoder-ogg-vorbis: bf7c407c2cedff20999df2af8eb42d56 -> 
  custom:audio-encoder-webm-vorbis: bf7c407c2cedff20999df2af8eb42d56 -> 
========================================================================
Received Import Request.
  path: Assets
  artifactKey: Guid(00000000000000001000000000000000) Importer(815301076,1909f56bfc062723c751e8b465ee728b)
Start importing Assets using Guid(00000000000000001000000000000000) Importer(815301076,1909f56bfc062723c751e8b465ee728b)  -> (artifact id: '42d402b061de3733987d63b9cc3b64de') in 0.006340 seconds 
  Import took 0.009284 seconds .

========================================================================
Received Import Request.
  Time since last request: 8.045575 seconds.
  path: Assets/Scripts
  artifactKey: Guid(790a205ffb7e1de4fa552149ac14b317) Importer(815301076,1909f56bfc062723c751e8b465ee728b)
Start importing Assets/Scripts using Guid(790a205ffb7e1de4fa552149ac14b317) Importer(815301076,1909f56bfc062723c751e8b465ee728b)  -> (artifact id: '10b21d603dbd5a0430f382242716f979') in 0.006407 seconds 
  Import took 0.009884 seconds .

========================================================================
Received Import Request.
  Time since last request: 10.308216 seconds.
  path: Assets/Sprites
  artifactKey: Guid(38abcdd22a746ba4585e92c553c35731) Importer(815301076,1909f56bfc062723c751e8b465ee728b)
Start importing Assets/Sprites using Guid(38abcdd22a746ba4585e92c553c35731) Importer(815301076,1909f56bfc062723c751e8b465ee728b)  -> (artifact id: '92346dfd79bbb7773dc76677f333a374') in 0.004488 seconds 
  Import took 0.007794 seconds .

========================================================================
Received Import Request.
  Time since last request: 73.201491 seconds.
  path: Assets/Sprites/Wood2.png
  artifactKey: Guid(7f788a60d045e2b478f04b4deaab3ade) Importer(815301076,1909f56bfc062723c751e8b465ee728b)
Start importing Assets/Sprites/Wood2.png using Guid(7f788a60d045e2b478f04b4deaab3ade) Importer(815301076,1909f56bfc062723c751e8b465ee728b)  -> (artifact id: '69a28a9e390315cae10d8309187b0693') in 0.082482 seconds 
  Import took 0.086551 seconds .

========================================================================
Received Import Request.
  Time since last request: 15.996522 seconds.
  path: Assets/Sprites/Wood2.png
  artifactKey: Guid(7f788a60d045e2b478f04b4deaab3ade) Importer(815301076,1909f56bfc062723c751e8b465ee728b)
Start importing Assets/Sprites/Wood2.png using Guid(7f788a60d045e2b478f04b4deaab3ade) Importer(815301076,1909f56bfc062723c751e8b465ee728b)  -> (artifact id: 'b0cc25cbee21b73638616e9917df91dc') in 0.013116 seconds 
  Import took 0.016171 seconds .

========================================================================
Received Import Request.
  Time since last request: 17.639191 seconds.
  path: Assets/Sprites/Wood2.png
  artifactKey: Guid(7f788a60d045e2b478f04b4deaab3ade) Importer(815301076,1909f56bfc062723c751e8b465ee728b)
Start importing Assets/Sprites/Wood2.png using Guid(7f788a60d045e2b478f04b4deaab3ade) Importer(815301076,1909f56bfc062723c751e8b465ee728b)  -> (artifact id: 'b8951bbc5b883dbb922b3cb684cd849a') in 0.014320 seconds 
  Import took 0.017654 seconds .

========================================================================
Received Import Request.
  Time since last request: 20.421585 seconds.
  path: Assets/Sprites/Wood2.png
  artifactKey: Guid(7f788a60d045e2b478f04b4deaab3ade) Importer(815301076,1909f56bfc062723c751e8b465ee728b)
Start importing Assets/Sprites/Wood2.png using Guid(7f788a60d045e2b478f04b4deaab3ade) Importer(815301076,1909f56bfc062723c751e8b465ee728b)  -> (artifact id: '2c29fabe50f23b231a39192eafabe710') in 0.012560 seconds 
  Import took 0.015424 seconds .

========================================================================
Received Import Request.
  Time since last request: 22.360976 seconds.
  path: Assets/Sprites/Wood2.png
  artifactKey: Guid(7f788a60d045e2b478f04b4deaab3ade) Importer(815301076,1909f56bfc062723c751e8b465ee728b)
Start importing Assets/Sprites/Wood2.png using Guid(7f788a60d045e2b478f04b4deaab3ade) Importer(815301076,1909f56bfc062723c751e8b465ee728b)  -> (artifact id: '32a6be7d8750acebe62819e5700a3688') in 0.018194 seconds 
  Import took 0.022864 seconds .

========================================================================
Received Import Request.
  Time since last request: 137.098047 seconds.
  path: Assets/Sprites/70s Apt2B.png
  artifactKey: Guid(38c11f1e57a27814cac4afba226688a2) Importer(815301076,1909f56bfc062723c751e8b465ee728b)
Start importing Assets/Sprites/70s Apt2B.png using Guid(38c11f1e57a27814cac4afba226688a2) Importer(815301076,1909f56bfc062723c751e8b465ee728b)  -> (artifact id: 'e2a97de9fa065b764e221adf2d93d6fc') in 0.017531 seconds 
  Import took 0.020796 seconds .

========================================================================
Received Import Request.
  Time since last request: 0.002051 seconds.
  path: Assets/Sprites/70s Apt2B.png
  artifactKey: Guid(38c11f1e57a27814cac4afba226688a2) Importer(815301076,1909f56bfc062723c751e8b465ee728b)
Start importing Assets/Sprites/70s Apt2B.png using Guid(38c11f1e57a27814cac4afba226688a2) Importer(815301076,1909f56bfc062723c751e8b465ee728b)  -> (artifact id: 'e2a97de9fa065b764e221adf2d93d6fc') in 0.019199 seconds 
  Import took 0.022254 seconds .

========================================================================
Received Import Request.
  Time since last request: 10.300551 seconds.
  path: Assets/Sprites/70s Apt2B.png
  artifactKey: Guid(38c11f1e57a27814cac4afba226688a2) Importer(815301076,1909f56bfc062723c751e8b465ee728b)
Start importing Assets/Sprites/70s Apt2B.png using Guid(38c11f1e57a27814cac4afba226688a2) Importer(815301076,1909f56bfc062723c751e8b465ee728b)  -> (artifact id: '8f24c4e4fdb245f185f42a6f730ba24d') in 0.016342 seconds 
  Import took 0.019544 seconds .

========================================================================
Received Prepare
Registering precompiled user dll's ...
Registered in 0.003746 seconds.
Begin MonoManager ReloadAssembly
Native extension for WindowsStandalone target not found
Native extension for WebGL target not found
Refreshing native plugins compatible for Editor in 0.73 ms, found 3 plugins.
Preloading 0 native plugins for Editor in 0.00 ms.
Mono: successfully reloaded assembly
- Completed reload, in  0.953 seconds
Domain Reload Profiling:
	ReloadAssembly (953ms)
		BeginReloadAssembly (100ms)
			ExecutionOrderSort (0ms)
			DisableScriptedObjects (5ms)
			BackupInstance (0ms)
			ReleaseScriptingObjects (0ms)
			CreateAndSetChildDomain (31ms)
		EndReloadAssembly (798ms)
			LoadAssemblies (76ms)
			RebuildTransferFunctionScriptingTraits (0ms)
			SetupTypeCache (235ms)
			ReleaseScriptCaches (1ms)
			RebuildScriptCaches (42ms)
			SetupLoadedEditorAssemblies (349ms)
				LogAssemblyErrors (0ms)
				InitializePlatformSupportModulesInManaged (6ms)
				SetLoadedEditorAssemblies (1ms)
				RefreshPlugins (1ms)
				BeforeProcessingInitializeOnLoad (88ms)
				ProcessInitializeOnLoadAttributes (243ms)
				ProcessInitializeOnLoadMethodAttributes (5ms)
				AfterProcessingInitializeOnLoad (6ms)
				EditorAssembliesLoaded (0ms)
			ExecutionOrderSort2 (0ms)
			AwakeInstancesAfterBackupRestoration (9ms)
Platform modules already initialized, skipping
Refreshing native plugins compatible for Editor in 0.41 ms, found 3 plugins.
Preloading 0 native plugins for Editor in 0.00 ms.
Unloading 2081 Unused Serialized files (Serialized files now loaded: 0)
System memory in use before: 95.4 MB.
System memory in use after: 95.5 MB.

Unloading 16 unused Assets to reduce memory usage. Loaded Objects now: 2537.
Total: 2.651800 ms (FindLiveObjects: 0.182600 ms CreateObjectMapping: 0.072500 ms MarkObjects: 2.379200 ms  DeleteObjects: 0.016400 ms)

AssetImportParameters requested are different than current active one (requested -> active):
  custom:framework-win-MediaFoundation: 216162199b28c13a410421893ffa2e32 -> 
  custom:video-decoder-ogg-theora: a1e56fd34408186e4bbccfd4996cb3dc -> 
  custom:container-muxer-webm: aa71ff27fc2769a1b78a27578f13a17b -> 
  custom:container-demuxer-webm: 4f35f7cbe854078d1ac9338744f61a02 -> 
  custom:container-demuxer-ogg: 62fdf1f143b41e24485cea50d1cbac27 -> 
  custom:video-encoder-webm-vp8: eb34c28f22e8b96e1ab97ce403110664 -> 
  custom:video-decoder-webm-vp8: 9c59270c3fd7afecdb556c50c9e8de78 -> 
  custom:audio-decoder-ogg-vorbis: bf7c407c2cedff20999df2af8eb42d56 -> 
  custom:audio-encoder-webm-vorbis: bf7c407c2cedff20999df2af8eb42d56 -> 
========================================================================
Received Import Request.
  Time since last request: 354.324231 seconds.
  path: Assets/Sprites/Wood2.png
  artifactKey: Guid(7f788a60d045e2b478f04b4deaab3ade) Importer(815301076,1909f56bfc062723c751e8b465ee728b)
Start importing Assets/Sprites/Wood2.png using Guid(7f788a60d045e2b478f04b4deaab3ade) Importer(815301076,1909f56bfc062723c751e8b465ee728b)  -> (artifact id: '616b94ba7bec8b3bfc6478f22b2f90a8') in 0.049063 seconds 
  Import took 0.052404 seconds .

========================================================================
Received Import Request.
  Time since last request: 14.913183 seconds.
  path: Assets/Sprites/70s Apt2B.png
  artifactKey: Guid(38c11f1e57a27814cac4afba226688a2) Importer(815301076,1909f56bfc062723c751e8b465ee728b)
Start importing Assets/Sprites/70s Apt2B.png using Guid(38c11f1e57a27814cac4afba226688a2) Importer(815301076,1909f56bfc062723c751e8b465ee728b)  -> (artifact id: '33f492147aaa72989fbbb3310a17b9fe') in 0.014036 seconds 
  Import took 0.016998 seconds .

========================================================================
Received Import Request.
  Time since last request: 144.661688 seconds.
  path: Assets/Sprites/Idle (32 x 32).png
  artifactKey: Guid(508e9810bc90da44787ddd3786455adc) Importer(815301076,1909f56bfc062723c751e8b465ee728b)
Start importing Assets/Sprites/Idle (32 x 32).png using Guid(508e9810bc90da44787ddd3786455adc) Importer(815301076,1909f56bfc062723c751e8b465ee728b)  -> (artifact id: 'd0a85a5ba4bea18a32027ceccdce7b73') in 0.014505 seconds 
  Import took 0.018057 seconds .

========================================================================
Received Import Request.
  Time since last request: 18.035750 seconds.
  path: Assets/Sprites/Idle (32 x 32).png
  artifactKey: Guid(508e9810bc90da44787ddd3786455adc) Importer(815301076,1909f56bfc062723c751e8b465ee728b)
Start importing Assets/Sprites/Idle (32 x 32).png using Guid(508e9810bc90da44787ddd3786455adc) Importer(815301076,1909f56bfc062723c751e8b465ee728b)  -> (artifact id: '5b2e281d2acf4d34046d346dcc6375eb') in 0.011046 seconds 
  Import took 0.014237 seconds .

========================================================================
Received Import Request.
  Time since last request: 17.707838 seconds.
  path: Assets/Sprites/Idle (32 x 32).png
  artifactKey: Guid(508e9810bc90da44787ddd3786455adc) Importer(815301076,1909f56bfc062723c751e8b465ee728b)
Start importing Assets/Sprites/Idle (32 x 32).png using Guid(508e9810bc90da44787ddd3786455adc) Importer(815301076,1909f56bfc062723c751e8b465ee728b)  -> (artifact id: '37fa8cdb57aaa41e4db2279d5a7dc2e2') in 0.053468 seconds 
  Import took 0.056929 seconds .

========================================================================
Received Import Request.
  Time since last request: 43.890645 seconds.
  path: Assets/Sprites/Idle (32 x 32).png
  artifactKey: Guid(508e9810bc90da44787ddd3786455adc) Importer(815301076,1909f56bfc062723c751e8b465ee728b)
Start importing Assets/Sprites/Idle (32 x 32).png using Guid(508e9810bc90da44787ddd3786455adc) Importer(815301076,1909f56bfc062723c751e8b465ee728b)  -> (artifact id: '8fc122210f72976e6f5bb2f8cb335850') in 0.046473 seconds 
  Import took 0.049209 seconds .

========================================================================
Received Import Request.
  Time since last request: 6.576151 seconds.
  path: Assets/Sprites/Idle (32 x 32).png
  artifactKey: Guid(508e9810bc90da44787ddd3786455adc) Importer(815301076,1909f56bfc062723c751e8b465ee728b)
Start importing Assets/Sprites/Idle (32 x 32).png using Guid(508e9810bc90da44787ddd3786455adc) Importer(815301076,1909f56bfc062723c751e8b465ee728b)  -> (artifact id: 'f010f2ef5a48ce18525d62346b0ec183') in 0.054090 seconds 
  Import took 0.057372 seconds .

========================================================================
Received Prepare
Registering precompiled user dll's ...
Registered in 0.003968 seconds.
Begin MonoManager ReloadAssembly
Native extension for WindowsStandalone target not found
Native extension for WebGL target not found
Refreshing native plugins compatible for Editor in 0.47 ms, found 3 plugins.
Preloading 0 native plugins for Editor in 0.00 ms.
Mono: successfully reloaded assembly
- Completed reload, in  0.973 seconds
Domain Reload Profiling:
	ReloadAssembly (973ms)
		BeginReloadAssembly (99ms)
			ExecutionOrderSort (0ms)
			DisableScriptedObjects (6ms)
			BackupInstance (0ms)
			ReleaseScriptingObjects (0ms)
			CreateAndSetChildDomain (29ms)
		EndReloadAssembly (819ms)
			LoadAssemblies (78ms)
			RebuildTransferFunctionScriptingTraits (0ms)
			SetupTypeCache (240ms)
			ReleaseScriptCaches (1ms)
			RebuildScriptCaches (43ms)
			SetupLoadedEditorAssemblies (361ms)
				LogAssemblyErrors (0ms)
				InitializePlatformSupportModulesInManaged (7ms)
				SetLoadedEditorAssemblies (1ms)
				RefreshPlugins (1ms)
				BeforeProcessingInitializeOnLoad (90ms)
				ProcessInitializeOnLoadAttributes (252ms)
				ProcessInitializeOnLoadMethodAttributes (5ms)
				AfterProcessingInitializeOnLoad (7ms)
				EditorAssembliesLoaded (0ms)
			ExecutionOrderSort2 (0ms)
			AwakeInstancesAfterBackupRestoration (9ms)
Platform modules already initialized, skipping
Refreshing native plugins compatible for Editor in 0.39 ms, found 3 plugins.
Preloading 0 native plugins for Editor in 0.00 ms.
Unloading 2081 Unused Serialized files (Serialized files now loaded: 0)
System memory in use before: 95.5 MB.
System memory in use after: 95.6 MB.

Unloading 16 unused Assets to reduce memory usage. Loaded Objects now: 2545.
Total: 2.531600 ms (FindLiveObjects: 0.173100 ms CreateObjectMapping: 0.071700 ms MarkObjects: 2.272600 ms  DeleteObjects: 0.013400 ms)

AssetImportParameters requested are different than current active one (requested -> active):
  custom:framework-win-MediaFoundation: 216162199b28c13a410421893ffa2e32 -> 
  custom:video-decoder-ogg-theora: a1e56fd34408186e4bbccfd4996cb3dc -> 
  custom:container-muxer-webm: aa71ff27fc2769a1b78a27578f13a17b -> 
  custom:container-demuxer-webm: 4f35f7cbe854078d1ac9338744f61a02 -> 
  custom:container-demuxer-ogg: 62fdf1f143b41e24485cea50d1cbac27 -> 
  custom:video-encoder-webm-vp8: eb34c28f22e8b96e1ab97ce403110664 -> 
  custom:video-decoder-webm-vp8: 9c59270c3fd7afecdb556c50c9e8de78 -> 
  custom:audio-decoder-ogg-vorbis: bf7c407c2cedff20999df2af8eb42d56 -> 
  custom:audio-encoder-webm-vorbis: bf7c407c2cedff20999df2af8eb42d56 -> 
========================================================================
Received Import Request.
  Time since last request: 96.299032 seconds.
  path: Assets/Scripts/PlayerBehaviour.cs
  artifactKey: Guid(ea8cdddfc5da7554b81b3cd3195ef733) Importer(815301076,1909f56bfc062723c751e8b465ee728b)
Start importing Assets/Scripts/PlayerBehaviour.cs using Guid(ea8cdddfc5da7554b81b3cd3195ef733) Importer(815301076,1909f56bfc062723c751e8b465ee728b)  -> (artifact id: '8e490ba8214719310488e7b8750f658e') in 0.014930 seconds 
  Import took 0.019013 seconds .

========================================================================
Received Prepare
Registering precompiled user dll's ...
Registered in 0.004099 seconds.
Begin MonoManager ReloadAssembly
Native extension for WindowsStandalone target not found
Native extension for WebGL target not found
Refreshing native plugins compatible for Editor in 0.64 ms, found 3 plugins.
Preloading 0 native plugins for Editor in 0.00 ms.
Mono: successfully reloaded assembly
- Completed reload, in  1.091 seconds
Domain Reload Profiling:
	ReloadAssembly (1091ms)
		BeginReloadAssembly (129ms)
			ExecutionOrderSort (0ms)
			DisableScriptedObjects (6ms)
			BackupInstance (0ms)
			ReleaseScriptingObjects (0ms)
			CreateAndSetChildDomain (42ms)
		EndReloadAssembly (900ms)
			LoadAssemblies (85ms)
			RebuildTransferFunctionScriptingTraits (0ms)
			SetupTypeCache (265ms)
			ReleaseScriptCaches (1ms)
			RebuildScriptCaches (51ms)
			SetupLoadedEditorAssemblies (392ms)
				LogAssemblyErrors (0ms)
				InitializePlatformSupportModulesInManaged (11ms)
				SetLoadedEditorAssemblies (1ms)
				RefreshPlugins (1ms)
				BeforeProcessingInitializeOnLoad (94ms)
				ProcessInitializeOnLoadAttributes (273ms)
				ProcessInitializeOnLoadMethodAttributes (4ms)
				AfterProcessingInitializeOnLoad (8ms)
				EditorAssembliesLoaded (0ms)
			ExecutionOrderSort2 (0ms)
			AwakeInstancesAfterBackupRestoration (10ms)
Platform modules already initialized, skipping
Refreshing native plugins compatible for Editor in 0.41 ms, found 3 plugins.
Preloading 0 native plugins for Editor in 0.00 ms.
Unloading 2082 Unused Serialized files (Serialized files now loaded: 0)
System memory in use before: 95.5 MB.
System memory in use after: 95.6 MB.

Unloading 16 unused Assets to reduce memory usage. Loaded Objects now: 2549.
Total: 2.796200 ms (FindLiveObjects: 0.185600 ms CreateObjectMapping: 0.077300 ms MarkObjects: 2.516000 ms  DeleteObjects: 0.016200 ms)

AssetImportParameters requested are different than current active one (requested -> active):
  custom:framework-win-MediaFoundation: 216162199b28c13a410421893ffa2e32 -> 
  custom:video-decoder-ogg-theora: a1e56fd34408186e4bbccfd4996cb3dc -> 
  custom:container-muxer-webm: aa71ff27fc2769a1b78a27578f13a17b -> 
  custom:container-demuxer-webm: 4f35f7cbe854078d1ac9338744f61a02 -> 
  custom:container-demuxer-ogg: 62fdf1f143b41e24485cea50d1cbac27 -> 
  custom:video-encoder-webm-vp8: eb34c28f22e8b96e1ab97ce403110664 -> 
  custom:video-decoder-webm-vp8: 9c59270c3fd7afecdb556c50c9e8de78 -> 
  custom:audio-decoder-ogg-vorbis: bf7c407c2cedff20999df2af8eb42d56 -> 
  custom:audio-encoder-webm-vorbis: bf7c407c2cedff20999df2af8eb42d56 -> 
========================================================================
Received Import Request.
  Time since last request: 75.521771 seconds.
  path: Assets/Scripts/PlayerBehaviour.cs
  artifactKey: Guid(ea8cdddfc5da7554b81b3cd3195ef733) Importer(815301076,1909f56bfc062723c751e8b465ee728b)
Start importing Assets/Scripts/PlayerBehaviour.cs using Guid(ea8cdddfc5da7554b81b3cd3195ef733) Importer(815301076,1909f56bfc062723c751e8b465ee728b)  -> (artifact id: '00000000000000000000000000000000') in 0.001208 seconds  code(4) message(Build asset version error: assets/scripts/playerbehaviour.cs in SourceAssetDB has modification time of '2021-09-15T15:36:28.0476798Z' while content on disk has modification time of '2021-09-15T15:36:28.264303Z')
  ERROR: Build asset version error: assets/scripts/playerbehaviour.cs in SourceAssetDB has modification time of '2021-09-15T15:36:28.0476798Z' while content on disk has modification time of '2021-09-15T15:36:28.264303Z'
  Import took 0.004003 seconds .

========================================================================
Received Import Request.
  Time since last request: 0.022532 seconds.
  path: Assets/Scripts/PlayerBehaviour.cs
  artifactKey: Guid(ea8cdddfc5da7554b81b3cd3195ef733) Importer(815301076,1909f56bfc062723c751e8b465ee728b)
Start importing Assets/Scripts/PlayerBehaviour.cs using Guid(ea8cdddfc5da7554b81b3cd3195ef733) Importer(815301076,1909f56bfc062723c751e8b465ee728b)  -> (artifact id: '00000000000000000000000000000000') in 0.000286 seconds  code(4) message(Build asset version error: assets/scripts/playerbehaviour.cs in SourceAssetDB has modification time of '2021-09-15T15:36:28.0476798Z' while content on disk has modification time of '2021-09-15T15:36:28.264303Z')
  ERROR: Build asset version error: assets/scripts/playerbehaviour.cs in SourceAssetDB has modification time of '2021-09-15T15:36:28.0476798Z' while content on disk has modification time of '2021-09-15T15:36:28.264303Z'
  Import took 0.002863 seconds .

========================================================================
Received Import Request.
  Time since last request: 0.104095 seconds.
  path: Assets/Scripts/PlayerBehaviour.cs
  artifactKey: Guid(ea8cdddfc5da7554b81b3cd3195ef733) Importer(815301076,1909f56bfc062723c751e8b465ee728b)
Start importing Assets/Scripts/PlayerBehaviour.cs using Guid(ea8cdddfc5da7554b81b3cd3195ef733) Importer(815301076,1909f56bfc062723c751e8b465ee728b)  -> (artifact id: 'd9494f6bb7db5ac0fb878806be00500c') in 0.005784 seconds 
  Import took 0.009189 seconds .

========================================================================
Received Prepare
Registering precompiled user dll's ...
Registered in 0.004136 seconds.
Begin MonoManager ReloadAssembly
Native extension for WindowsStandalone target not found
Native extension for WebGL target not found
Refreshing native plugins compatible for Editor in 0.39 ms, found 3 plugins.
Preloading 0 native plugins for Editor in 0.00 ms.
Mono: successfully reloaded assembly
- Completed reload, in  0.982 seconds
Domain Reload Profiling:
	ReloadAssembly (983ms)
		BeginReloadAssembly (110ms)
			ExecutionOrderSort (0ms)
			DisableScriptedObjects (6ms)
			BackupInstance (0ms)
			ReleaseScriptingObjects (0ms)
			CreateAndSetChildDomain (30ms)
		EndReloadAssembly (815ms)
			LoadAssemblies (88ms)
			RebuildTransferFunctionScriptingTraits (0ms)
			SetupTypeCache (239ms)
			ReleaseScriptCaches (1ms)
			RebuildScriptCaches (42ms)
			SetupLoadedEditorAssemblies (358ms)
				LogAssemblyErrors (0ms)
				InitializePlatformSupportModulesInManaged (6ms)
				SetLoadedEditorAssemblies (0ms)
				RefreshPlugins (0ms)
				BeforeProcessingInitializeOnLoad (84ms)
				ProcessInitializeOnLoadAttributes (256ms)
				ProcessInitializeOnLoadMethodAttributes (4ms)
				AfterProcessingInitializeOnLoad (6ms)
				EditorAssembliesLoaded (0ms)
			ExecutionOrderSort2 (0ms)
			AwakeInstancesAfterBackupRestoration (9ms)
Platform modules already initialized, skipping
Refreshing native plugins compatible for Editor in 0.37 ms, found 3 plugins.
Preloading 0 native plugins for Editor in 0.00 ms.
Unloading 2082 Unused Serialized files (Serialized files now loaded: 0)
System memory in use before: 95.5 MB.
System memory in use after: 95.6 MB.

Unloading 16 unused Assets to reduce memory usage. Loaded Objects now: 2552.
Total: 2.451300 ms (FindLiveObjects: 0.162000 ms CreateObjectMapping: 0.067500 ms MarkObjects: 2.207800 ms  DeleteObjects: 0.013300 ms)

AssetImportParameters requested are different than current active one (requested -> active):
  custom:framework-win-MediaFoundation: 216162199b28c13a410421893ffa2e32 -> 
  custom:video-decoder-ogg-theora: a1e56fd34408186e4bbccfd4996cb3dc -> 
  custom:container-muxer-webm: aa71ff27fc2769a1b78a27578f13a17b -> 
  custom:container-demuxer-webm: 4f35f7cbe854078d1ac9338744f61a02 -> 
  custom:container-demuxer-ogg: 62fdf1f143b41e24485cea50d1cbac27 -> 
  custom:video-encoder-webm-vp8: eb34c28f22e8b96e1ab97ce403110664 -> 
  custom:video-decoder-webm-vp8: 9c59270c3fd7afecdb556c50c9e8de78 -> 
  custom:audio-decoder-ogg-vorbis: bf7c407c2cedff20999df2af8eb42d56 -> 
  custom:audio-encoder-webm-vorbis: bf7c407c2cedff20999df2af8eb42d56 -> 
========================================================================
Received Prepare
Registering precompiled user dll's ...
Registered in 0.004374 seconds.
Begin MonoManager ReloadAssembly
Native extension for WindowsStandalone target not found
Native extension for WebGL target not found
Refreshing native plugins compatible for Editor in 0.50 ms, found 3 plugins.
Preloading 0 native plugins for Editor in 0.00 ms.
Mono: successfully reloaded assembly
- Completed reload, in  0.930 seconds
Domain Reload Profiling:
	ReloadAssembly (930ms)
		BeginReloadAssembly (103ms)
			ExecutionOrderSort (0ms)
			DisableScriptedObjects (5ms)
			BackupInstance (0ms)
			ReleaseScriptingObjects (0ms)
			CreateAndSetChildDomain (30ms)
		EndReloadAssembly (774ms)
			LoadAssemblies (76ms)
			RebuildTransferFunctionScriptingTraits (0ms)
			SetupTypeCache (222ms)
			ReleaseScriptCaches (1ms)
			RebuildScriptCaches (41ms)
			SetupLoadedEditorAssemblies (351ms)
				LogAssemblyErrors (0ms)
				InitializePlatformSupportModulesInManaged (6ms)
				SetLoadedEditorAssemblies (0ms)
				RefreshPlugins (1ms)
				BeforeProcessingInitializeOnLoad (90ms)
				ProcessInitializeOnLoadAttributes (242ms)
				ProcessInitializeOnLoadMethodAttributes (5ms)
				AfterProcessingInitializeOnLoad (7ms)
				EditorAssembliesLoaded (0ms)
			ExecutionOrderSort2 (0ms)
			AwakeInstancesAfterBackupRestoration (9ms)
Platform modules already initialized, skipping
Refreshing native plugins compatible for Editor in 0.38 ms, found 3 plugins.
Preloading 0 native plugins for Editor in 0.00 ms.
Unloading 2082 Unused Serialized files (Serialized files now loaded: 0)
System memory in use before: 95.5 MB.
System memory in use after: 95.7 MB.

Unloading 16 unused Assets to reduce memory usage. Loaded Objects now: 2555.
Total: 2.693100 ms (FindLiveObjects: 0.156700 ms CreateObjectMapping: 0.063400 ms MarkObjects: 2.434900 ms  DeleteObjects: 0.037300 ms)

AssetImportParameters requested are different than current active one (requested -> active):
  custom:framework-win-MediaFoundation: 216162199b28c13a410421893ffa2e32 -> 
  custom:video-decoder-ogg-theora: a1e56fd34408186e4bbccfd4996cb3dc -> 
  custom:container-muxer-webm: aa71ff27fc2769a1b78a27578f13a17b -> 
  custom:container-demuxer-webm: 4f35f7cbe854078d1ac9338744f61a02 -> 
  custom:container-demuxer-ogg: 62fdf1f143b41e24485cea50d1cbac27 -> 
  custom:video-encoder-webm-vp8: eb34c28f22e8b96e1ab97ce403110664 -> 
  custom:video-decoder-webm-vp8: 9c59270c3fd7afecdb556c50c9e8de78 -> 
  custom:audio-decoder-ogg-vorbis: bf7c407c2cedff20999df2af8eb42d56 -> 
  custom:audio-encoder-webm-vorbis: bf7c407c2cedff20999df2af8eb42d56 -> 
AssetImportWorkerClient::OnTransportError - code=2 error=End of file
